Drill Listing
=============
Drill: .012  Tool: 1  Feed: 95  Speed: 300
X 269000  Y 233000
X 272000  Y 233000
X 288000  Y 226000
X 296300  Y 233500
X 298000  Y 230000
X 304000  Y 233000
X 307000  Y 233000
X 310000  Y 233000
X 324000  Y 238000
X 320000  Y 238000
X 316000  Y 238000
X 313000  Y 258000
X 311000  Y 242500
X 310000  Y 237000
X 307500  Y 242500
X 307000  Y 237000
X 304000  Y 242500
X 294000  Y 236000
X 293000  Y 256000
X 292500  Y 240000
X 291500  Y 248000
X 291500  Y 251500
X 291500  Y 243500
X 291000  Y 259000
X 289000  Y 251500
X 289000  Y 248000
X 288500  Y 243500
X 285000  Y 247500
X 282000  Y 247500
X 277000  Y 248000
X 272000  Y 239000
X 272000  Y 236000
X 272000  Y 242000
X 269000  Y 242000
X 269000  Y 236000
X 269000  Y 239000
X 278000  Y 272000
X 278000  Y 268000
X 281000  Y 272000
X 281000  Y 268000
X 284000  Y 268000
X 284000  Y 272000
X 287000  Y 272000
X 287000  Y 268000
X 289000  Y 265000
X 290000  Y 268000
X 290000  Y 272000
X 291000  Y 262000
X 295500  Y 268500
X 301000  Y 260000
X 301000  Y 277000
X 301000  Y 273000
X 306000  Y 277000
X 306000  Y 273000
X 308000  Y 269000
X 311000  Y 273000
X 311000  Y 277000
X 313000  Y 261000
X 313000  Y 264000
X 313000  Y 267000
X 315000  Y 277000
X 315000  Y 273000
X 319000  Y 273000
X 319000  Y 277000
X 323000  Y 277000
X 323000  Y 273000
X 324000  Y 269000
X 324000  Y 264000

Drill: .04  Tool: 2  Feed: 139  Speed: 550
X 405000  Y 275000
X 425000  Y 275000

Drill: .065  Tool: 3  Feed: 89  Speed: 550
X 120500  Y 250000

Drill: .07  Tool: 4  Feed: 81  Speed: 550
X 144500  Y 390000
X 145000  Y 110000
X 457500  Y 390000

Drill: .072  Tool: 5  Feed: 81  Speed: 550
X 138200  Y 250000

Drill: .094  Tool: 6  Feed: 66  Speed: 550
X 130000  Y 180000
X 470000  Y 180000
X 470000  Y 320000
X 130000  Y 320000

Drill: .19  Tool: 7  Feed: 35  Speed: 1033
X 117500  Y 117500
X 482500  Y 117500
X 482500  Y 382500
X 117500  Y 382500

End of Listing
