Drill Listing
=============
Drill: .008  Tool: 1  Feed: 0  Speed: 0
X 699000  Y 624500
X 703000  Y 619000
X 703000  Y 629500
X 703000  Y 624500
X 707500  Y 624500
X 739500  Y 649500
X 739500  Y 654000
X 731500  Y 645000
X 731500  Y 649500
X 731500  Y 654000
X 722500  Y 649500
X 710500  Y 675000
X 706500  Y 667500
X 706500  Y 682000
X 706500  Y 675000
X 701500  Y 675000
X 677500  Y 653500
X 677500  Y 658000
X 677500  Y 649000
X 669500  Y 653500
X 669500  Y 649000

Drill: .012  Tool: 2  Feed: 95  Speed: 300
X 672000  Y 608000
X 672000  Y 604000
X 672000  Y 596000
X 672000  Y 600000
X 676500  Y 608000
X 676500  Y 596000
X 676500  Y 604000
X 676500  Y 600000
X 681000  Y 596000
X 681000  Y 604000
X 681000  Y 608000
X 681000  Y 600000
X 685500  Y 604000
X 685500  Y 596000
X 685500  Y 608000
X 685500  Y 600000
X 690500  Y 596000
X 690500  Y 608000
X 690500  Y 604000
X 690500  Y 600000
X 695500  Y 600000
X 695500  Y 596000
X 695500  Y 604000
X 695500  Y 608000
X 700500  Y 600000
X 700500  Y 604000
X 700500  Y 608000
X 700500  Y 596000
X 705500  Y 608000
X 705500  Y 604000
X 705500  Y 600000
X 705500  Y 596000
X 716500  Y 609500
X 721500  Y 609500
X 725500  Y 609500
X 760000  Y 627500
X 760000  Y 624000
X 760000  Y 631500
X 756000  Y 624000
X 756000  Y 627500
X 756000  Y 631500
X 752000  Y 624000
X 752000  Y 631500
X 752000  Y 627500
X 748000  Y 624000
X 748000  Y 631500
X 748000  Y 627500
X 744000  Y 624000
X 744000  Y 631500
X 744000  Y 627500
X 739000  Y 624000
X 739000  Y 631500
X 739000  Y 627500
X 734500  Y 631500
X 734500  Y 624000
X 734500  Y 627500
X 731000  Y 624000
X 731000  Y 627500
X 731000  Y 631500
X 725500  Y 624000
X 725500  Y 614500
X 725500  Y 619000
X 725000  Y 629000
X 725000  Y 633000
X 721500  Y 619000
X 721500  Y 614500
X 721000  Y 624000
X 721000  Y 629000
X 721000  Y 633000
X 716000  Y 614000
X 705500  Y 612000
X 700500  Y 612000
X 695500  Y 612000
X 690500  Y 612000
X 689000  Y 632000
X 689000  Y 618000
X 689000  Y 628500
X 689000  Y 624000
X 685500  Y 618000
X 685500  Y 624000
X 685500  Y 612000
X 683500  Y 631500
X 681000  Y 618000
X 681000  Y 612000
X 681000  Y 624000
X 680000  Y 631500
X 676500  Y 624000
X 676500  Y 612000
X 676500  Y 618000
X 675000  Y 631500
X 672000  Y 618000
X 672000  Y 624000
X 672000  Y 612000
X 670000  Y 631500
X 665500  Y 631500
X 661500  Y 631500
X 651500  Y 655000
X 651500  Y 659000
X 656000  Y 655000
X 656000  Y 659000
X 660000  Y 655000
X 660000  Y 659000
X 661500  Y 643000
X 661500  Y 639500
X 661500  Y 635500
X 664500  Y 655000
X 664500  Y 659000
X 665500  Y 635500
X 666500  Y 639500
X 670000  Y 635000
X 675000  Y 635500
X 680000  Y 635500
X 684500  Y 635500
X 696500  Y 651500
X 696500  Y 648500
X 698000  Y 639500
X 700000  Y 651500
X 700000  Y 648500
X 702000  Y 639500
X 703500  Y 651500
X 703500  Y 648500
X 706000  Y 639500
X 731000  Y 635500
X 734500  Y 635500
X 739000  Y 635500
X 744000  Y 648500
X 744000  Y 640000
X 744000  Y 635500
X 744000  Y 644000
X 744000  Y 653000
X 747500  Y 653000
X 748000  Y 640000
X 748000  Y 635500
X 748000  Y 648500
X 748000  Y 644000
X 751500  Y 653000
X 752000  Y 644000
X 752000  Y 635500
X 752000  Y 648500
X 752000  Y 640000
X 755500  Y 653000
X 756000  Y 635500
X 756000  Y 648500
X 756000  Y 640000
X 756000  Y 644000
X 759500  Y 653000
X 760000  Y 648500
X 760000  Y 635500
X 760000  Y 644000
X 760000  Y 640000
X 747500  Y 671500
X 747500  Y 666500
X 747500  Y 662500
X 744000  Y 671500
X 744000  Y 666500
X 744000  Y 662500
X 739500  Y 671500
X 739000  Y 667500
X 736500  Y 681500
X 736500  Y 676500
X 734000  Y 671500
X 733500  Y 667500
X 732500  Y 681500
X 732500  Y 676500
X 729000  Y 671500
X 729000  Y 667500
X 728500  Y 676500
X 728000  Y 681500
X 724500  Y 676500
X 724500  Y 671500
X 724500  Y 667500
X 724000  Y 681500
X 720500  Y 676500
X 720500  Y 667500
X 720500  Y 671500
X 720500  Y 681500
X 717000  Y 662500
X 713500  Y 662000
X 710000  Y 662000
X 702000  Y 663000
X 698500  Y 660500
X 688500  Y 671500
X 688500  Y 676500
X 688500  Y 666500
X 688000  Y 682500
X 685000  Y 667500
X 685000  Y 671500
X 684500  Y 676500
X 684000  Y 681000
X 680000  Y 671500
X 680000  Y 667500
X 680000  Y 681000
X 680000  Y 676500
X 675000  Y 681000
X 675000  Y 671500
X 675000  Y 676500
X 675000  Y 667500
X 670000  Y 671500
X 670000  Y 676500
X 670000  Y 667500
X 670000  Y 681000
X 665000  Y 681000
X 665000  Y 671500
X 665000  Y 676500
X 664500  Y 663500
X 664500  Y 667500
X 660000  Y 681000
X 660000  Y 676500
X 660000  Y 663500
X 660000  Y 667500
X 660000  Y 671500
X 656000  Y 663500
X 656000  Y 671500
X 656000  Y 667500
X 656000  Y 681000
X 656000  Y 676500
X 651500  Y 667500
X 651500  Y 676500
X 651500  Y 671500
X 651500  Y 663500
X 651500  Y 681000
X 651500  Y 685500
X 656000  Y 685500
X 660000  Y 685500
X 665000  Y 685500
X 670000  Y 685500
X 675000  Y 685500
X 680000  Y 685500
X 684000  Y 685500
X 703000  Y 691000
X 703000  Y 699000
X 703000  Y 695000
X 703000  Y 687000
X 703000  Y 703500
X 708000  Y 695000
X 708000  Y 691000
X 708000  Y 687000
X 708000  Y 699000
X 708000  Y 703500
X 713000  Y 699000
X 713000  Y 691000
X 713000  Y 687000
X 713000  Y 695000
X 713000  Y 703500
X 718000  Y 699000
X 718000  Y 687000
X 718000  Y 695000
X 718000  Y 703500
X 718000  Y 691000
X 724000  Y 691000
X 724000  Y 695000
X 724000  Y 699000
X 724000  Y 687000
X 724000  Y 703500
X 728000  Y 691000
X 728000  Y 695000
X 728000  Y 687000
X 728000  Y 703500
X 728000  Y 699000
X 732500  Y 699000
X 732500  Y 687000
X 732500  Y 691000
X 732500  Y 695000
X 732500  Y 703500
X 736500  Y 691000
X 736500  Y 703500
X 736500  Y 699000
X 736500  Y 687000
X 736500  Y 695000

Drill: .035  Tool: 3  Feed: 197  Speed: 550
X 810000  Y 652500
X 830000  Y 652500

Drill: .065  Tool: 4  Feed: 89  Speed: 550
X 520500  Y 650000

Drill: .07  Tool: 5  Feed: 81  Speed: 550
X 542500  Y 510000
X 857500  Y 790000

Drill: .072  Tool: 6  Feed: 81  Speed: 550
X 538200  Y 650000

Drill: .094  Tool: 7  Feed: 66  Speed: 550
X 530000  Y 600000
X 530000  Y 700000
X 870000  Y 700000
X 870000  Y 600000

Drill: .19  Tool: 8  Feed: 35  Speed: 1033
X 517500  Y 517500
X 882500  Y 517500
X 882500  Y 782500
X 517500  Y 782500

Drill: .205  Tool: 9  Feed: 0  Speed: 0
X 530000  Y 560000
X 870000  Y 560000
X 870000  Y 740000
X 530000  Y 740000

End of Listing
